<?xml version="1.0" encoding="UTF-8"?>
<testsuite xmlns:xsi="http://www.w3.org/2001/XMLSchema-instance" xsi:noNamespaceSchemaLocation="https://maven.apache.org/surefire/maven-surefire-plugin/xsd/surefire-test-report-3.0.xsd" version="3.0" name="com.max.BookingServiceTest" time="2.741" tests="3" errors="0" skipped="0" failures="0">
  <properties>
[...]
</properties>
  <testcase name="testBookCreationFails" classname="com.max.BookingServiceTest" time="2.247">
    <system-out><![CDATA[10:54:28,120 |-INFO in ch.qos.logback.classic.LoggerContext[default] - This is logback-classic version 1.3.5
10:54:28,164 |-INFO in ch.qos.logback.classic.LoggerContext[default] - Could NOT find resource [logback-test.xml]
10:54:28,164 |-INFO in ch.qos.logback.classic.LoggerContext[default] - Found resource [logback.xml] at [file:/D:/Learning_5.0_D%20disk/GeekBrains/IKR-Automatizatsia-testirovania-na-Java-test/target/classes/logback.xml]
10:54:28,349 |-ERROR in ch.qos.logback.core.model.processor.PropertyModelHandler - In <property> element, either the "file" attribute alone, or the "resource" element alone, or both the "name" and "value" attributes must be set.
10:54:28,364 |-INFO in ch.qos.logback.core.model.processor.AppenderModelHandler - Processing appender named [STDOUT]
10:54:28,364 |-INFO in ch.qos.logback.core.model.processor.AppenderModelHandler - About to instantiate appender of type [ch.qos.logback.core.ConsoleAppender]
10:54:28,379 |-INFO in ch.qos.logback.core.model.processor.ImplicitModelHandler - Assuming default type [ch.qos.logback.classic.encoder.PatternLayoutEncoder] for [encoder] property
10:54:28,431 |-INFO in ch.qos.logback.core.model.processor.AppenderModelHandler - Processing appender named [FILE]
10:54:28,431 |-INFO in ch.qos.logback.core.model.processor.AppenderModelHandler - About to instantiate appender of type [ch.qos.logback.core.FileAppender]
10:54:28,436 |-WARN in ch.qos.logback.core.model.processor.ImplicitModelHandler - Ignoring unknown property [rollingPolicy] in [ch.qos.logback.core.FileAppender]
10:54:28,436 |-INFO in ch.qos.logback.core.model.processor.ImplicitModelHandler - Assuming default type [ch.qos.logback.classic.encoder.PatternLayoutEncoder] for [encoder] property
10:54:28,436 |-INFO in ch.qos.logback.core.FileAppender[FILE] - File property is set to [LOG_DIR_IS_UNDEFINED/tests.log]
10:54:28,452 |-INFO in ch.qos.logback.classic.model.processor.RootLoggerModelHandler - Setting level of ROOT logger to DEBUG
10:54:28,452 |-INFO in ch.qos.logback.core.model.processor.AppenderRefModelHandler - Attaching appender named [STDOUT] to Logger[ROOT]
10:54:28,452 |-INFO in ch.qos.logback.core.model.processor.AppenderRefModelHandler - Attaching appender named [FILE] to Logger[ROOT]
10:54:28,452 |-INFO in ch.qos.logback.core.model.processor.DefaultProcessor@2b30a42c - End of configuration.
10:54:28,452 |-INFO in ch.qos.logback.classic.joran.JoranConfigurator@609e8838 - Registering current configuration as safe fallback point

10:54:30.618 [main] INFO  com.max.BookingServiceTest - Начало теста с ошибкой создания бронирования.
10:54:30.665 [main] INFO  com.max.BookingServiceTest - Тест с ошибкой создания бронирования завершен.
]]></system-out>
    <system-err><![CDATA[WARNING: A Java agent has been loaded dynamically (C:\Users\user\.m2\repository\net\bytebuddy\byte-buddy-agent\1.14.4\byte-buddy-agent-1.14.4.jar)
WARNING: If a serviceability tool is in use, please run with -XX:+EnableDynamicAgentLoading to hide this warning
WARNING: If a serviceability tool is not in use, please run with -Djdk.instrument.traceUsage for more information
WARNING: Dynamic loading of agents will be disallowed by default in a future release
]]></system-err>
  </testcase>
  <testcase name="testBookSlotUnavailable" classname="com.max.BookingServiceTest" time="0.052">
    <system-out><![CDATA[10:54:30.735 [main] INFO  com.max.BookingServiceTest - Начало теста с недоступным слотом времени.
10:54:30.781 [main] INFO  com.max.BookingServiceTest - Тест с недоступным слотом времени завершен.
]]></system-out>
  </testcase>
  <testcase name="testBookSuccess" classname="com.max.BookingServiceTest" time="0.007">
    <system-out><![CDATA[10:54:30.797 [main] INFO  com.max.BookingServiceTest - Начало теста успешного бронирования.
10:54:30.797 [main] INFO  com.max.BookingServiceTest - Тест успешного бронирования завершен.
]]></system-out>
  </testcase>
</testsuite>